[INFO] Scanning for projects...
[INFO] 
[INFO] -------------------< com.example:sentinel-ingestor >--------------------
[INFO] Building sentinel-ingestor 0.0.1-SNAPSHOT
[INFO]   from pom.xml
[INFO] --------------------------------[ jar ]---------------------------------
[INFO] 
[INFO] >>> spring-boot:4.0.3:run (default-cli) > test-compile @ sentinel-ingestor >>>
[INFO] 
[INFO] --- resources:3.3.1:resources (default-resources) @ sentinel-ingestor ---
[INFO] Copying 1 resource from src/main/resources to target/classes
[INFO] Copying 1 resource from src/main/resources to target/classes
[INFO] 
[INFO] --- compiler:3.14.1:compile (default-compile) @ sentinel-ingestor ---
[INFO] Nothing to compile - all classes are up to date.
[INFO] 
[INFO] --- resources:3.3.1:testResources (default-testResources) @ sentinel-ingestor ---
[INFO] skip non existing resourceDirectory /Users/karthikadyar/Project/sentinel-ai/sentinel-ingestor/src/test/resources
[INFO] 
[INFO] --- compiler:3.14.1:testCompile (default-testCompile) @ sentinel-ingestor ---
[INFO] Nothing to compile - all classes are up to date.
[INFO] 
[INFO] <<< spring-boot:4.0.3:run (default-cli) < test-compile @ sentinel-ingestor <<<
[INFO] 
[INFO] 
[INFO] --- spring-boot:4.0.3:run (default-cli) @ sentinel-ingestor ---
[INFO] Attaching agents: []

  .   ____          _            __ _ _
 /\\ / ___'_ __ _ _(_)_ __  __ _ \ \ \ \
( ( )\___ | '_ | '_| | '_ \/ _` | \ \ \ \
 \\/  ___)| |_)| | | | | || (_| |  ) ) ) )
  '  |____| .__|_| |_|_| |_\__, | / / / /
 =========|_|==============|___/=/_/_/_/

 :: Spring Boot ::                (v4.0.3)

2026-05-06T00:03:57.883+05:30  INFO 96280 --- [           main] c.e.s.SentinelIngestorApplication        : Starting SentinelIngestorApplication using Java 25.0.2 with PID 96280 (/Users/karthikadyar/Project/sentinel-ai/sentinel-ingestor/target/classes started by karthikadyar in /Users/karthikadyar/Project/sentinel-ai/sentinel-ingestor)
2026-05-06T00:03:57.884+05:30  INFO 96280 --- [           main] c.e.s.SentinelIngestorApplication        : No active profile set, falling back to 1 default profile: "default"
2026-05-06T00:03:58.263+05:30  INFO 96280 --- [           main] .s.d.r.c.RepositoryConfigurationDelegate : Multiple Spring Data modules found, entering strict repository configuration mode
2026-05-06T00:03:58.264+05:30  INFO 96280 --- [           main] .s.d.r.c.RepositoryConfigurationDelegate : Bootstrapping Spring Data JPA repositories in DEFAULT mode.
2026-05-06T00:03:58.331+05:30  INFO 96280 --- [           main] .s.d.r.c.RepositoryConfigurationDelegate : Finished Spring Data repository scanning in 63 ms. Found 2 JPA repository interfaces.
2026-05-06T00:03:58.350+05:30  INFO 96280 --- [           main] .s.d.r.c.RepositoryConfigurationDelegate : Multiple Spring Data modules found, entering strict repository configuration mode
2026-05-06T00:03:58.351+05:30  INFO 96280 --- [           main] .s.d.r.c.RepositoryConfigurationDelegate : Bootstrapping Spring Data Redis repositories in DEFAULT mode.
2026-05-06T00:03:58.357+05:30  INFO 96280 --- [           main] .RepositoryConfigurationExtensionSupport : Spring Data Redis - Could not safely identify store assignment for repository candidate interface com.example.sentinel_ingestor.sentinel.repository.UserRepository; If you want this repository to be a Redis repository, consider annotating your entities with one of these annotations: org.springframework.data.redis.core.RedisHash (preferred), or consider extending one of the following types with your repository: org.springframework.data.keyvalue.repository.KeyValueRepository
2026-05-06T00:03:58.358+05:30  INFO 96280 --- [           main] .RepositoryConfigurationExtensionSupport : Spring Data Redis - Could not safely identify store assignment for repository candidate interface com.example.sentinel_ingestor.sentinel.repository.VideoSummaryRepository; If you want this repository to be a Redis repository, consider annotating your entities with one of these annotations: org.springframework.data.redis.core.RedisHash (preferred), or consider extending one of the following types with your repository: org.springframework.data.keyvalue.repository.KeyValueRepository
2026-05-06T00:03:58.358+05:30  INFO 96280 --- [           main] .s.d.r.c.RepositoryConfigurationDelegate : Finished Spring Data repository scanning in 2 ms. Found 0 Redis repository interfaces.
2026-05-06T00:03:58.593+05:30  INFO 96280 --- [           main] o.s.boot.tomcat.TomcatWebServer          : Tomcat initialized with port 8081 (http)
2026-05-06T00:03:58.604+05:30  INFO 96280 --- [           main] o.apache.catalina.core.StandardService   : Starting service [Tomcat]
2026-05-06T00:03:58.604+05:30  INFO 96280 --- [           main] o.apache.catalina.core.StandardEngine    : Starting Servlet engine: [Apache Tomcat/11.0.18]
2026-05-06T00:03:58.629+05:30  INFO 96280 --- [           main] b.w.c.s.WebApplicationContextInitializer : Root WebApplicationContext: initialization completed in 724 ms
2026-05-06T00:03:58.738+05:30  INFO 96280 --- [           main] org.hibernate.orm.jpa                    : HHH008540: Processing PersistenceUnitInfo [name: default]
2026-05-06T00:03:58.770+05:30  INFO 96280 --- [           main] org.hibernate.orm.core                   : HHH000001: Hibernate ORM core version 7.2.4.Final
2026-05-06T00:03:58.970+05:30  INFO 96280 --- [           main] o.s.o.j.p.SpringPersistenceUnitInfo      : No LoadTimeWeaver setup: ignoring JPA class transformer
2026-05-06T00:03:58.985+05:30  INFO 96280 --- [           main] com.zaxxer.hikari.HikariDataSource       : HikariPool-1 - Starting...
2026-05-06T00:03:59.082+05:30  INFO 96280 --- [           main] com.zaxxer.hikari.pool.HikariPool        : HikariPool-1 - Added connection org.postgresql.jdbc.PgConnection@2184962c
2026-05-06T00:03:59.083+05:30  INFO 96280 --- [           main] com.zaxxer.hikari.HikariDataSource       : HikariPool-1 - Start completed.
2026-05-06T00:03:59.119+05:30  INFO 96280 --- [           main] org.hibernate.orm.connections.pooling    : HHH10001005: Database info:
	Database JDBC URL [jdbc:postgresql://localhost:5432/sentinel_db]
	Database driver: PostgreSQL JDBC Driver
	Database dialect: PostgreSQLDialect
	Database version: 18.3
	Default catalog/schema: sentinel_db/public
	Autocommit mode: undefined/unknown
	Isolation level: READ_COMMITTED [default READ_COMMITTED]
	JDBC fetch size: none
	Pool: DataSourceConnectionProvider
	Minimum pool size: undefined/unknown
	Maximum pool size: undefined/unknown
2026-05-06T00:03:59.504+05:30  INFO 96280 --- [           main] org.hibernate.orm.core                   : HHH000489: No JTA platform available (set 'hibernate.transaction.jta.platform' to enable JTA platform integration)
2026-05-06T00:03:59.528+05:30  INFO 96280 --- [           main] j.LocalContainerEntityManagerFactoryBean : Initialized JPA EntityManagerFactory for persistence unit 'default'
2026-05-06T00:03:59.563+05:30  INFO 96280 --- [           main] o.s.d.j.r.query.QueryEnhancerFactories   : Hibernate is in classpath; If applicable, HQL parser will be used.
2026-05-06T00:03:59.675+05:30  WARN 96280 --- [           main] i.n.r.d.DnsServerAddressStreamProviders  : Can not find io.netty.resolver.dns.macos.MacOSDnsServerAddressStreamProvider in the classpath, fallback to system defaults. This may result in incorrect DNS resolutions on MacOS. Check whether you have a dependency on 'io.netty:netty-resolver-dns-native-macos'
2026-05-06T00:03:59.807+05:30  WARN 96280 --- [           main] JpaBaseConfiguration$JpaWebConfiguration : spring.jpa.open-in-view is enabled by default. Therefore, database queries may be performed during view rendering. Explicitly configure spring.jpa.open-in-view to disable this warning
2026-05-06T00:04:00.114+05:30  INFO 96280 --- [           main] o.s.b.a.e.web.EndpointLinksResolver      : Exposing 2 endpoints beneath base path '/actuator'
2026-05-06T00:04:00.286+05:30  INFO 96280 --- [           main] o.s.boot.tomcat.TomcatWebServer          : Tomcat started on port 8081 (http) with context path '/'
2026-05-06T00:04:00.291+05:30  INFO 96280 --- [           main] c.e.s.SentinelIngestorApplication        : Started SentinelIngestorApplication in 2.583 seconds (process running for 2.759)
2026-05-06T00:04:00.328+05:30  INFO 96280 --- [           main] c.e.s.s.config.ClientRegistrationLogger  : No OAuth2 client registrations found.
